0 info it worked if it ends with ok
1 verbose cli [ '/usr/local/bin/node', '/usr/local/bin/npm', 'start' ]
2 info using npm@2.14.9
3 info using node@v0.12.12
4 verbose run-script [ 'prestart', 'start', 'poststart' ]
5 info prestart lets-play-helisockets@1.0.0
6 info start lets-play-helisockets@1.0.0
7 verbose unsafe-perm in lifecycle true
8 info lets-play-helisockets@1.0.0 Failed to exec start script
9 verbose stack Error: lets-play-helisockets@1.0.0 start: `server.js`
9 verbose stack spawn ENOENT
9 verbose stack     at ChildProcess.<anonymous> (/usr/local/lib/node_modules/npm/lib/utils/spawn.js:17:16)
9 verbose stack     at ChildProcess.emit (events.js:110:17)
9 verbose stack     at maybeClose (child_process.js:1019:16)
9 verbose stack     at Process.ChildProcess._handle.onexit (child_process.js:1091:5)
10 verbose pkgid lets-play-helisockets@1.0.0
11 verbose cwd /Users/vyang/lets-play-helisockets
12 error Darwin 15.3.0
13 error argv "/usr/local/bin/node" "/usr/local/bin/npm" "start"
14 error node v0.12.12
15 error npm  v2.14.9
16 error file sh
17 error code ELIFECYCLE
18 error errno ENOENT
19 error syscall spawn
20 error lets-play-helisockets@1.0.0 start: `server.js`
20 error spawn ENOENT
21 error Failed at the lets-play-helisockets@1.0.0 start script 'server.js'.
21 error This is most likely a problem with the lets-play-helisockets package,
21 error not with npm itself.
21 error Tell the author that this fails on your system:
21 error     server.js
21 error You can get their info via:
21 error     npm owner ls lets-play-helisockets
21 error There is likely additional logging output above.
22 verbose exit [ 1, true ]
